0 verbose cli /Users/x/x/ai/workspaces/trino-docs/.node/node/node /Users/x/x/ai/workspaces/trino-docs/.node/node/node_modules/npm/bin/npm-cli.js
1 info using npm@11.7.0
2 info using node@v24.12.0
3 silly config load:file:/Users/x/x/ai/workspaces/trino-docs/.node/node/node_modules/npm/npmrc
4 silly config load:file:/Users/x/x/ai/workspaces/trino-docs/core/trino-web-ui/src/main/resources/webapp-preview/.npmrc
5 silly config load:file:/Users/x/.npmrc
6 silly config load:file:/Users/x/x/ai/workspaces/trino-docs/.node/etc/npmrc
7 verbose title npm install
8 verbose argv "install"
9 verbose logfile logs-max:10 dir:/Users/x/x/ai/workspaces/trino-docs/.npm-cache/_logs/2026-03-18T23_59_57_890Z-
10 verbose logfile /Users/x/x/ai/workspaces/trino-docs/.npm-cache/_logs/2026-03-18T23_59_57_890Z-debug-0.log
11 silly logfile done cleaning log files
12 silly packumentCache heap:4496293888 maxSize:1124073472 maxEntrySize:562036736
13 verbose shrinkwrap failed to load node_modules/.package-lock.json out of date, updated: node_modules
14 silly idealTree buildDeps
15 silly reify moves {}
16 silly audit bulk request {
16 silly audit   '@babel/code-frame': [ '7.29.0' ],
16 silly audit   '@babel/compat-data': [ '7.29.0' ],
16 silly audit   '@babel/core': [ '7.29.0' ],
16 silly audit   'convert-source-map': [ '2.0.0', '1.9.0' ],
16 silly audit   '@babel/generator': [ '7.29.1' ],
16 silly audit   '@babel/helper-compilation-targets': [ '7.28.6' ],
16 silly audit   '@babel/helper-globals': [ '7.28.0' ],
16 silly audit   '@babel/helper-module-imports': [ '7.28.6' ],
16 silly audit   '@babel/helper-module-transforms': [ '7.28.6' ],
16 silly audit   '@babel/helper-plugin-utils': [ '7.28.6' ],
16 silly audit   '@babel/helper-string-parser': [ '7.27.1' ],
16 silly audit   '@babel/helper-validator-identifier': [ '7.28.5' ],
16 silly audit   '@babel/helper-validator-option': [ '7.27.1' ],
16 silly audit   '@babel/helpers': [ '7.28.6' ],
16 silly audit   '@babel/parser': [ '7.29.0' ],
16 silly audit   '@babel/plugin-transform-react-jsx-self': [ '7.27.1' ],
16 silly audit   '@babel/plugin-transform-react-jsx-source': [ '7.27.1' ],
16 silly audit   '@babel/runtime': [ '7.28.6' ],
16 silly audit   '@babel/template': [ '7.28.6' ],
16 silly audit   '@babel/traverse': [ '7.29.0' ],
16 silly audit   '@babel/types': [ '7.29.0' ],
16 silly audit   '@dagrejs/dagre': [ '1.1.8' ],
16 silly audit   '@dagrejs/graphlib': [ '2.2.4' ],
16 silly audit   '@emotion/babel-plugin': [ '11.13.5' ],
16 silly audit   '@emotion/cache': [ '11.14.0' ],
16 silly audit   '@emotion/hash': [ '0.9.2' ],
16 silly audit   '@emotion/is-prop-valid': [ '1.4.0' ],
16 silly audit   '@emotion/memoize': [ '0.9.0' ],
16 silly audit   '@emotion/react': [ '11.14.0' ],
16 silly audit   '@emotion/serialize': [ '1.3.3' ],
16 silly audit   '@emotion/sheet': [ '1.4.0' ],
16 silly audit   '@emotion/styled': [ '11.14.1' ],
16 silly audit   '@emotion/unitless': [ '0.10.0' ],
16 silly audit   '@emotion/use-insertion-effect-with-fallbacks': [ '1.2.0' ],
16 silly audit   '@emotion/utils': [ '1.4.2' ],
16 silly audit   '@emotion/weak-memoize': [ '0.4.0' ],
16 silly audit   '@esbuild/aix-ppc64': [ '0.27.3' ],
16 silly audit   '@esbuild/android-arm': [ '0.27.3' ],
16 silly audit   '@esbuild/android-arm64': [ '0.27.3' ],
16 silly audit   '@esbuild/android-x64': [ '0.27.3' ],
16 silly audit   '@esbuild/darwin-arm64': [ '0.27.3' ],
16 silly audit   '@esbuild/darwin-x64': [ '0.27.3' ],
16 silly audit   '@esbuild/freebsd-arm64': [ '0.27.3' ],
16 silly audit   '@esbuild/freebsd-x64': [ '0.27.3' ],
16 silly audit   '@esbuild/linux-arm': [ '0.27.3' ],
16 silly audit   '@esbuild/linux-arm64': [ '0.27.3' ],
16 silly audit   '@esbuild/linux-ia32': [ '0.27.3' ],
16 silly audit   '@esbuild/linux-loong64': [ '0.27.3' ],
16 silly audit   '@esbuild/linux-mips64el': [ '0.27.3' ],
16 silly audit   '@esbuild/linux-ppc64': [ '0.27.3' ],
16 silly audit   '@esbuild/linux-riscv64': [ '0.27.3' ],
16 silly audit   '@esbuild/linux-s390x': [ '0.27.3' ],
16 silly audit   '@esbuild/linux-x64': [ '0.27.3' ],
16 silly audit   '@esbuild/netbsd-arm64': [ '0.27.3' ],
16 silly audit   '@esbuild/netbsd-x64': [ '0.27.3' ],
16 silly audit   '@esbuild/openbsd-arm64': [ '0.27.3' ],
16 silly audit   '@esbuild/openbsd-x64': [ '0.27.3' ],
16 silly audit   '@esbuild/openharmony-arm64': [ '0.27.3' ],
16 silly audit   '@esbuild/sunos-x64': [ '0.27.3' ],
16 silly audit   '@esbuild/win32-arm64': [ '0.27.3' ],
16 silly audit   '@esbuild/win32-ia32': [ '0.27.3' ],
16 silly audit   '@esbuild/win32-x64': [ '0.27.3' ],
16 silly audit   '@eslint-community/eslint-utils': [ '4.9.1' ],
16 silly audit   '@eslint-community/regexpp': [ '4.12.2' ],
16 silly audit   '@eslint/config-array': [ '0.21.2' ],
16 silly audit   'brace-expansion': [ '1.1.12', '2.0.2' ],
16 silly audit   minimatch: [ '3.1.5', '9.0.9' ],
16 silly audit   '@eslint/config-helpers': [ '0.4.2' ],
16 silly audit   '@eslint/core': [ '0.17.0' ],
16 silly audit   '@eslint/eslintrc': [ '3.3.5' ],
16 silly audit   globals: [ '14.0.0', '16.5.0' ],
16 silly audit   ignore: [ '5.3.2', '7.0.5' ],
16 silly audit   '@eslint/js': [ '9.39.3' ],
16 silly audit   '@eslint/object-schema': [ '2.1.7' ],
16 silly audit   '@eslint/plugin-kit': [ '0.4.1' ],
16 silly audit   '@fontsource/roboto': [ '5.2.10' ],
16 silly audit   '@humanfs/core': [ '0.19.1' ],
16 silly audit   '@humanfs/node': [ '0.16.7' ],
16 silly audit   '@humanwhocodes/module-importer': [ '1.0.1' ],
16 silly audit   '@humanwhocodes/retry': [ '0.4.3' ],
16 silly audit   '@interactjs/types': [ '1.10.27' ],
16 silly audit   '@jridgewell/gen-mapping': [ '0.3.13' ],
16 silly audit   '@jridgewell/remapping': [ '2.3.5' ],
16 silly audit   '@jridgewell/resolve-uri': [ '3.1.2' ],
16 silly audit   '@jridgewell/sourcemap-codec': [ '1.5.5' ],
16 silly audit   '@jridgewell/trace-mapping': [ '0.3.31' ],
16 silly audit   '@monaco-editor/loader': [ '1.7.0' ],
16 silly audit   '@monaco-editor/react': [ '4.7.0' ],
16 silly audit   '@mui/core-downloads-tracker': [ '7.3.8' ],
16 silly audit   '@mui/icons-material': [ '7.3.8' ],
16 silly audit   '@mui/material': [ '7.3.8' ],
16 silly audit   '@mui/private-theming': [ '7.3.8' ],
16 silly audit   '@mui/styled-engine': [ '7.3.8' ],
16 silly audit   '@mui/system': [ '7.3.8' ],
16 silly audit   '@mui/types': [ '7.4.11' ],
16 silly audit   '@mui/utils': [ '7.3.8' ],
16 silly audit   '@mui/x-charts': [ '8.27.4' ],
16 silly audit   '@mui/x-charts-vendor': [ '8.26.0' ],
16 silly audit   '@mui/x-internal-gestures': [ '0.4.0' ],
16 silly audit   '@mui/x-internals': [ '8.26.0' ],
16 silly audit   '@parcel/watcher': [ '2.5.6' ],
16 silly audit   '@parcel/watcher-android-arm64': [ '2.5.6' ],
16 silly audit   '@parcel/watcher-darwin-arm64': [ '2.5.6' ],
16 silly audit   '@parcel/watcher-darwin-x64': [ '2.5.6' ],
16 silly audit   '@parcel/watcher-freebsd-x64': [ '2.5.6' ],
16 silly audit   '@parcel/watcher-linux-arm-glibc': [ '2.5.6' ],
16 silly audit   '@parcel/watcher-linux-arm-musl': [ '2.5.6' ],
16 silly audit   '@parcel/watcher-linux-arm64-glibc': [ '2.5.6' ],
16 silly audit   '@parcel/watcher-linux-arm64-musl': [ '2.5.6' ],
16 silly audit   '@parcel/watcher-linux-x64-glibc': [ '2.5.6' ],
16 silly audit   '@parcel/watcher-linux-x64-musl': [ '2.5.6' ],
16 silly audit   '@parcel/watcher-win32-arm64': [ '2.5.6' ],
16 silly audit   '@parcel/watcher-win32-ia32': [ '2.5.6' ],
16 silly audit   '@parcel/watcher-win32-x64': [ '2.5.6' ],
16 silly audit   picomatch: [ '4.0.3' ],
16 silly audit   '@popperjs/core': [ '2.11.8' ],
16 silly audit   '@rolldown/pluginutils': [ '1.0.0-rc.3' ],
16 silly audit   '@rollup/rollup-android-arm-eabi': [ '4.59.0' ],
16 silly audit   '@rollup/rollup-android-arm64': [ '4.59.0' ],
16 silly audit   '@rollup/rollup-darwin-arm64': [ '4.59.0' ],
16 silly audit   '@rollup/rollup-darwin-x64': [ '4.59.0' ],
16 silly audit   '@rollup/rollup-freebsd-arm64': [ '4.59.0' ],
16 silly audit   '@rollup/rollup-freebsd-x64': [ '4.59.0' ],
16 silly audit   '@rollup/rollup-linux-arm-gnueabihf': [ '4.59.0' ],
16 silly audit   '@rollup/rollup-linux-arm-musleabihf': [ '4.59.0' ],
16 silly audit   '@rollup/rollup-linux-arm64-gnu': [ '4.59.0' ],
16 silly audit   '@rollup/rollup-linux-arm64-musl': [ '4.59.0' ],
16 silly audit   '@rollup/rollup-linux-loong64-gnu': [ '4.59.0' ],
16 silly audit   '@rollup/rollup-linux-loong64-musl': [ '4.59.0' ],
16 silly audit   '@rollup/rollup-linux-ppc64-gnu': [ '4.59.0' ],
16 silly audit   '@rollup/rollup-linux-ppc64-musl': [ '4.59.0' ],
16 silly audit   '@rollup/rollup-linux-riscv64-gnu': [ '4.59.0' ],
16 silly audit   '@rollup/rollup-linux-riscv64-musl': [ '4.59.0' ],
16 silly audit   '@rollup/rollup-linux-s390x-gnu': [ '4.59.0' ],
16 silly audit   '@rollup/rollup-linux-x64-gnu': [ '4.59.0' ],
16 silly audit   '@rollup/rollup-linux-x64-musl': [ '4.59.0' ],
16 silly audit   '@rollup/rollup-openbsd-x64': [ '4.59.0' ],
16 silly audit   '@rollup/rollup-openharmony-arm64': [ '4.59.0' ],
16 silly audit   '@rollup/rollup-win32-arm64-msvc': [ '4.59.0' ],
16 silly audit   '@rollup/rollup-win32-ia32-msvc': [ '4.59.0' ],
16 silly audit   '@rollup/rollup-win32-x64-gnu': [ '4.59.0' ],
16 silly audit   '@rollup/rollup-win32-x64-msvc': [ '4.59.0' ],
16 silly audit   '@types/babel__core': [ '7.20.5' ],
16 silly audit   '@types/babel__generator': [ '7.27.0' ],
16 silly audit   '@types/babel__template': [ '7.4.4' ],
16 silly audit   '@types/babel__traverse': [ '7.28.0' ],
16 silly audit   '@types/d3-array': [ '3.2.2' ],
16 silly audit   '@types/d3-color': [ '3.1.3' ],
16 silly audit   '@types/d3-drag': [ '3.0.7' ],
16 silly audit   '@types/d3-format': [ '3.0.4' ],
16 silly audit   '@types/d3-interpolate': [ '3.0.4' ],
16 silly audit   '@types/d3-path': [ '3.1.1' ],
16 silly audit   '@types/d3-scale': [ '4.0.9' ],
16 silly audit   '@types/d3-selection': [ '3.0.11' ],
16 silly audit   '@types/d3-shape': [ '3.1.8' ],
16 silly audit   '@types/d3-time': [ '3.0.4' ],
16 silly audit   '@types/d3-time-format': [ '4.0.3' ],
16 silly audit   '@types/d3-timer': [ '3.0.2' ],
16 silly audit   '@types/d3-transition': [ '3.0.9' ],
16 silly audit   '@types/d3-zoom': [ '3.0.8' ],
16 silly audit   '@types/estree': [ '1.0.8' ],
16 silly audit   '@types/json-schema': [ '7.0.15' ],
16 silly audit   '@types/lodash': [ '4.17.23' ],
16 silly audit   '@types/lodash.merge': [ '4.6.9' ],
16 silly audit   '@types/parse-json': [ '4.0.2' ],
16 silly audit   '@types/prop-types': [ '15.7.15' ],
16 silly audit   '@types/react': [ '19.2.14' ],
16 silly audit   '@types/react-dom': [ '19.2.3' ],
16 silly audit   '@types/react-transition-group': [ '4.4.12' ],
16 silly audit   '@types/trusted-types': [ '2.0.7' ],
16 silly audit   '@typescript-eslint/eslint-plugin': [ '8.56.0' ],
16 silly audit   '@typescript-eslint/parser': [ '8.56.0' ],
16 silly audit   '@typescript-eslint/project-service': [ '8.56.0' ],
16 silly audit   '@typescript-eslint/scope-manager': [ '8.56.0' ],
16 silly audit   '@typescript-eslint/tsconfig-utils': [ '8.56.0' ],
16 silly audit   '@typescript-eslint/type-utils': [ '8.56.0' ],
16 silly audit   '@typescript-eslint/types': [ '8.56.0' ],
16 silly audit   '@typescript-eslint/typescript-estree': [ '8.56.0' ],
16 silly audit   semver: [ '7.7.4', '6.3.1' ],
16 silly audit   '@typescript-eslint/utils': [ '8.56.0' ],
16 silly audit   '@typescript-eslint/visitor-keys': [ '8.56.0' ],
16 silly audit   'eslint-visitor-keys': [ '5.0.1', '3.4.3', '4.2.1' ],
16 silly audit   '@vitejs/plugin-react': [ '5.1.4' ],
16 silly audit   '@xyflow/react': [ '12.10.0' ],
16 silly audit   zustand: [ '4.5.7', '5.0.11' ],
16 silly audit   '@xyflow/system': [ '0.0.74' ],
16 silly audit   acorn: [ '8.15.0' ],
16 silly audit   'acorn-jsx': [ '5.3.2' ],
16 silly audit   ajv: [ '6.14.0' ],
16 silly audit   'ansi-styles': [ '4.3.0' ],
16 silly audit   argparse: [ '2.0.1' ],
16 silly audit   'array-buffer-byte-length': [ '1.0.2' ],
16 silly audit   'array-includes': [ '3.1.9' ],
16 silly audit   'array.prototype.findlast': [ '1.2.5' ],
16 silly audit   'array.prototype.flat': [ '1.3.3' ],
16 silly audit   'array.prototype.flatmap': [ '1.3.3' ],
16 silly audit   'array.prototype.tosorted': [ '1.1.4' ],
16 silly audit   'arraybuffer.prototype.slice': [ '1.0.4' ],
16 silly audit   'async-function': [ '1.0.0' ],
16 silly audit   asynckit: [ '0.4.0' ],
16 silly audit   'available-typed-arrays': [ '1.0.7' ],
16 silly audit   axios: [ '1.13.6' ],
16 silly audit   'babel-plugin-macros': [ '3.1.0' ],
16 silly audit   cosmiconfig: [ '7.1.0' ],
16 silly audit   yaml: [ '1.10.2' ],
16 silly audit   'balanced-match': [ '1.0.2' ],
16 silly audit   'baseline-browser-mapping': [ '2.10.0' ],
16 silly audit   'batch-processor': [ '1.0.0' ],
16 silly audit   'bezier-easing': [ '2.1.0' ],
16 silly audit   browserslist: [ '4.28.1' ],
16 silly audit   'call-bind': [ '1.0.8' ],
16 silly audit   'call-bind-apply-helpers': [ '1.0.2' ],
16 silly audit   'call-bound': [ '1.0.4' ],
16 silly audit   callsites: [ '3.1.0' ],
16 silly audit   'caniuse-lite': [ '1.0.30001777' ],
16 silly audit   chalk: [ '4.1.2' ],
16 silly audit   chokidar: [ '4.0.3' ],
16 silly audit   classcat: [ '5.0.5' ],
16 silly audit   classnames: [ '2.5.1' ],
16 silly audit   clsx: [ '2.1.1' ],
16 silly audit   'color-convert': [ '2.0.1' ],
16 silly audit   'color-name': [ '1.1.4' ],
16 silly audit   'combined-stream': [ '1.0.8' ],
16 silly audit   'concat-map': [ '0.0.1' ],
16 silly audit   cookie: [ '1.1.1' ],
16 silly audit   'cross-spawn': [ '7.0.6' ],
16 silly audit   csstype: [ '3.2.3' ],
16 silly audit   'd3-array': [ '3.2.4' ],
16 silly audit   'd3-color': [ '3.1.0' ],
16 silly audit   'd3-dispatch': [ '3.0.1' ],
16 silly audit   'd3-drag': [ '3.0.0' ],
16 silly audit   'd3-ease': [ '3.0.1' ],
16 silly audit   'd3-format': [ '3.1.2' ],
16 silly audit   'd3-interpolate': [ '3.0.1' ],
16 silly audit   'd3-path': [ '3.1.0' ],
16 silly audit   'd3-scale': [ '4.0.2' ],
16 silly audit   'd3-selection': [ '3.0.0' ],
16 silly audit   'd3-shape': [ '3.2.0' ],
16 silly audit   'd3-time': [ '3.1.0' ],
16 silly audit   'd3-time-format': [ '4.1.0' ],
16 silly audit   'd3-timer': [ '3.0.1' ],
16 silly audit   'd3-transition': [ '3.0.1' ],
16 silly audit   'd3-zoom': [ '3.0.0' ],
16 silly audit   'data-view-buffer': [ '1.0.2' ],
16 silly audit   'data-view-byte-length': [ '1.0.2' ],
16 silly audit   'data-view-byte-offset': [ '1.0.1' ],
16 silly audit   dayjs: [ '1.11.19' ],
16 silly audit   debug: [ '4.4.3' ],
16 silly audit   'deep-is': [ '0.1.4' ],
16 silly audit   'define-data-property': [ '1.1.4' ],
16 silly audit   'define-properties': [ '1.2.1' ],
16 silly audit   'delayed-stream': [ '1.0.0' ],
16 silly audit   'detect-libc': [ '2.1.2' ],
16 silly audit   doctrine: [ '2.1.0' ],
16 silly audit   'dom-helpers': [ '5.2.1' ],
16 silly audit   dompurify: [ '3.2.7' ],
16 silly audit   'dunder-proto': [ '1.0.1' ],
16 silly audit   'electron-to-chromium': [ '1.5.307' ],
16 silly audit   'element-resize-detector': [ '1.2.4' ],
16 silly audit   'error-ex': [ '1.3.4' ],
16 silly audit   'es-abstract': [ '1.24.1' ],
16 silly audit   'es-define-property': [ '1.0.1' ],
16 silly audit   'es-errors': [ '1.3.0' ],
16 silly audit   'es-iterator-helpers': [ '1.2.2' ],
16 silly audit   'es-object-atoms': [ '1.1.1' ],
16 silly audit   'es-set-tostringtag': [ '2.1.0' ],
16 silly audit   'es-shim-unscopables': [ '1.1.0' ],
16 silly audit   'es-to-primitive': [ '1.3.0' ],
16 silly audit   esbuild: [ '0.27.3' ],
16 silly audit   escalade: [ '3.2.0' ],
16 silly audit   'escape-string-regexp': [ '4.0.0' ],
16 silly audit   eslint: [ '9.39.3' ],
16 silly audit   'eslint-plugin-react': [ '7.37.5' ],
16 silly audit   'eslint-plugin-react-hooks': [ '5.2.0' ],
16 silly audit   'eslint-plugin-react-refresh': [ '0.5.2' ],
16 silly audit   resolve: [ '2.0.0-next.5', '1.22.11' ],
16 silly audit   'eslint-scope': [ '8.4.0' ],
16 silly audit   espree: [ '10.4.0' ],
16 silly audit   esquery: [ '1.7.0' ],
16 silly audit   esrecurse: [ '4.3.0' ],
16 silly audit   estraverse: [ '5.3.0' ],
16 silly audit   esutils: [ '2.0.3' ],
16 silly audit   'fast-deep-equal': [ '3.1.3' ],
16 silly audit   'fast-json-stable-stringify': [ '2.1.0' ],
16 silly audit   'fast-levenshtein': [ '2.0.6' ],
16 silly audit   'file-entry-cache': [ '8.0.0' ],
16 silly audit   'find-root': [ '1.1.0' ],
16 silly audit   'find-up': [ '5.0.0' ],
16 silly audit   'flat-cache': [ '4.0.1' ],
16 silly audit   flatqueue: [ '3.0.0' ],
16 silly audit   flatted: [ '3.3.3' ],
16 silly audit   'follow-redirects': [ '1.15.11' ],
16 silly audit   'for-each': [ '0.3.5' ],
16 silly audit   'form-data': [ '4.0.5' ],
16 silly audit   fsevents: [ '2.3.3' ],
16 silly audit   'function-bind': [ '1.1.2' ],
16 silly audit   'function.prototype.name': [ '1.1.8' ],
16 silly audit   'functions-have-names': [ '1.2.3' ],
16 silly audit   'generator-function': [ '2.0.1' ],
16 silly audit   gensync: [ '1.0.0-beta.2' ],
16 silly audit   'get-intrinsic': [ '1.3.0' ],
16 silly audit   'get-proto': [ '1.0.1' ],
16 silly audit   'get-symbol-description': [ '1.1.0' ],
16 silly audit   'glob-parent': [ '6.0.2' ],
16 silly audit   globalthis: [ '1.0.4' ],
16 silly audit   gopd: [ '1.2.0' ],
16 silly audit   'has-bigints': [ '1.1.0' ],
16 silly audit   'has-flag': [ '4.0.0' ],
16 silly audit   'has-property-descriptors': [ '1.0.2' ],
16 silly audit   'has-proto': [ '1.2.0' ],
16 silly audit   'has-symbols': [ '1.1.0' ],
16 silly audit   'has-tostringtag': [ '1.0.2' ],
16 silly audit   hasown: [ '2.0.2' ],
16 silly audit   'hoist-non-react-statics': [ '3.3.2' ],
16 silly audit   'react-is': [ '16.13.1', '19.2.3' ],
16 silly audit   immutable: [ '5.1.5' ],
16 silly audit   'import-fresh': [ '3.3.1' ],
16 silly audit   imurmurhash: [ '0.1.4' ],
16 silly audit   interactjs: [ '1.10.27' ],
16 silly audit   'internal-slot': [ '1.1.0' ],
16 silly audit   internmap: [ '2.0.3' ],
16 silly audit   'is-array-buffer': [ '3.0.5' ],
16 silly audit   'is-arrayish': [ '0.2.1' ],
16 silly audit   'is-async-function': [ '2.1.1' ],
16 silly audit   'is-bigint': [ '1.1.0' ],
16 silly audit   'is-boolean-object': [ '1.2.2' ],
16 silly audit   'is-callable': [ '1.2.7' ],
16 silly audit   'is-core-module': [ '2.16.1' ],
16 silly audit   'is-data-view': [ '1.0.2' ],
16 silly audit   'is-date-object': [ '1.1.0' ],
16 silly audit   'is-extglob': [ '2.1.1' ],
16 silly audit   'is-finalizationregistry': [ '1.1.1' ],
16 silly audit   'is-generator-function': [ '1.1.2' ],
16 silly audit   'is-glob': [ '4.0.3' ],
16 silly audit   'is-map': [ '2.0.3' ],
16 silly audit   'is-negative-zero': [ '2.0.3' ],
16 silly audit   'is-number-object': [ '1.1.1' ],
16 silly audit   'is-regex': [ '1.2.1' ],
16 silly audit   'is-set': [ '2.0.3' ],
16 silly audit   'is-shared-array-buffer': [ '1.0.4' ],
16 silly audit   'is-string': [ '1.1.1' ],
16 silly audit   'is-symbol': [ '1.1.1' ],
16 silly audit   'is-typed-array': [ '1.1.15' ],
16 silly audit   'is-weakmap': [ '2.0.2' ],
16 silly audit   'is-weakref': [ '1.1.1' ],
16 silly audit   'is-weakset': [ '2.0.4' ],
16 silly audit   isarray: [ '2.0.5' ],
16 silly audit   isexe: [ '2.0.0' ],
16 silly audit   'iterator.prototype': [ '1.1.5' ],
16 silly audit   'js-tokens': [ '4.0.0' ],
16 silly audit   'js-yaml': [ '4.1.1' ],
16 silly audit   jsesc: [ '3.1.0' ],
16 silly audit   'json-buffer': [ '3.0.1' ],
16 silly audit   'json-parse-even-better-errors': [ '2.3.1' ],
16 silly audit   'json-schema-traverse': [ '0.4.1' ],
16 silly audit   'json-stable-stringify-without-jsonify': [ '1.0.1' ],
16 silly audit   json5: [ '2.2.3' ],
16 silly audit   'jsx-ast-utils': [ '3.3.5' ],
16 silly audit   keyv: [ '4.5.4' ],
16 silly audit   levn: [ '0.4.1' ],
16 silly audit   'lines-and-columns': [ '1.2.4' ],
16 silly audit   'locate-path': [ '6.0.0' ],
16 silly audit   lodash: [ '4.17.23' ],
16 silly audit   'lodash.merge': [ '4.6.2' ],
16 silly audit   'loose-envify': [ '1.4.0' ],
16 silly audit   'lru-cache': [ '5.1.1' ],
16 silly audit   marked: [ '14.0.0' ],
16 silly audit   'math-intrinsics': [ '1.1.0' ],
16 silly audit   'memoize-one': [ '6.0.0' ],
16 silly audit   'mime-db': [ '1.52.0' ],
16 silly audit   'mime-types': [ '2.1.35' ],
16 silly audit   'monaco-editor': [ '0.55.1' ],
16 silly audit   ms: [ '2.1.3' ],
16 silly audit   nanoid: [ '3.3.11' ],
16 silly audit   'natural-compare': [ '1.4.0' ],
16 silly audit   'node-addon-api': [ '7.1.1' ],
16 silly audit   'node-releases': [ '2.0.36' ],
16 silly audit   'object-assign': [ '4.1.1' ],
16 silly audit   'object-inspect': [ '1.13.4' ],
16 silly audit   'object-keys': [ '1.1.1' ],
16 silly audit   'object.assign': [ '4.1.7' ],
16 silly audit   'object.entries': [ '1.1.9' ],
16 silly audit   'object.fromentries': [ '2.0.8' ],
16 silly audit   'object.values': [ '1.2.1' ],
16 silly audit   optionator: [ '0.9.4' ],
16 silly audit   'own-keys': [ '1.0.1' ],
16 silly audit   'p-limit': [ '3.1.0' ],
16 silly audit   'p-locate': [ '5.0.0' ],
16 silly audit   'parent-module': [ '1.0.1' ],
16 silly audit   'parse-json': [ '5.2.0' ],
16 silly audit   'path-exists': [ '4.0.0' ],
16 silly audit   'path-key': [ '3.1.1' ],
16 silly audit   'path-parse': [ '1.0.7' ],
16 silly audit   'path-type': [ '4.0.0' ],
16 silly audit   picocolors: [ '1.1.1' ],
16 silly audit   'possible-typed-array-names': [ '1.1.0' ],
16 silly audit   postcss: [ '8.5.8' ],
16 silly audit   'prelude-ls': [ '1.2.1' ],
16 silly audit   prettier: [ '3.8.1' ],
16 silly audit   'prop-types': [ '15.8.1' ],
16 silly audit   'proxy-from-env': [ '1.1.0' ],
16 silly audit   punycode: [ '2.3.1' ],
16 silly audit   react: [ '19.2.4' ],
16 silly audit   'react-calendar-timeline': [ '0.30.0-beta.4' ],
16 silly audit   'react-dom': [ '19.2.4' ],
16 silly audit   'react-refresh': [ '0.18.0' ],
16 silly audit   'react-router': [ '7.13.1' ],
16 silly audit   'react-router-dom': [ '7.13.1' ],
16 silly audit   'react-transition-group': [ '4.4.5' ],
16 silly audit   readdirp: [ '4.1.2' ],
16 silly audit   'reflect.getprototypeof': [ '1.0.10' ],
16 silly audit   'regexp.prototype.flags': [ '1.5.4' ],
16 silly audit   reselect: [ '5.1.1' ],
16 silly audit   'resolve-from': [ '4.0.0' ],
16 silly audit   rollup: [ '4.59.0' ],
16 silly audit   'safe-array-concat': [ '1.1.3' ],
16 silly audit   'safe-push-apply': [ '1.0.0' ],
16 silly audit   'safe-regex-test': [ '1.1.0' ],
16 silly audit   sass: [ '1.97.3' ],
16 silly audit   scheduler: [ '0.27.0' ],
16 silly audit   'set-cookie-parser': [ '2.7.2' ],
16 silly audit   'set-function-length': [ '1.2.2' ],
16 silly audit   'set-function-name': [ '2.0.2' ],
16 silly audit   'set-proto': [ '1.0.0' ],
16 silly audit   'shebang-command': [ '2.0.0' ],
16 silly audit   'shebang-regex': [ '3.0.0' ],
16 silly audit   'side-channel': [ '1.1.0' ],
16 silly audit   'side-channel-list': [ '1.0.0' ],
16 silly audit   'side-channel-map': [ '1.0.1' ],
16 silly audit   'side-channel-weakmap': [ '1.0.2' ],
16 silly audit   'source-map': [ '0.5.7' ],
16 silly audit   'source-map-js': [ '1.2.1' ],
16 silly audit   'state-local': [ '1.0.7' ],
16 silly audit   'stop-iteration-iterator': [ '1.1.0' ],
16 silly audit   'string.prototype.matchall': [ '4.0.12' ],
16 silly audit   'string.prototype.repeat': [ '1.0.0' ],
16 silly audit   'string.prototype.trim': [ '1.2.10' ],
16 silly audit   'string.prototype.trimend': [ '1.0.9' ],
16 silly audit   'string.prototype.trimstart': [ '1.0.8' ],
16 silly audit   'strip-json-comments': [ '3.1.1' ],
16 silly audit   stylis: [ '4.2.0' ],
16 silly audit   'supports-color': [ '7.2.0' ],
16 silly audit   'supports-preserve-symlinks-flag': [ '1.0.0' ],
16 silly audit   tinyglobby: [ '0.2.15' ],
16 silly audit   fdir: [ '6.5.0' ],
16 silly audit   'ts-api-utils': [ '2.4.0' ],
16 silly audit   'type-check': [ '0.4.0' ],
16 silly audit   'typed-array-buffer': [ '1.0.3' ],
16 silly audit   'typed-array-byte-length': [ '1.0.3' ],
16 silly audit   'typed-array-byte-offset': [ '1.0.4' ],
16 silly audit   'typed-array-length': [ '1.0.7' ],
16 silly audit   typescript: [ '5.9.3' ],
16 silly audit   'typescript-eslint': [ '8.56.0' ],
16 silly audit   'unbox-primitive': [ '1.1.0' ],
16 silly audit   'update-browserslist-db': [ '1.2.3' ],
16 silly audit   'uri-js': [ '4.4.1' ],
16 silly audit   'use-sync-external-store': [ '1.6.0' ],
16 silly audit   vite: [ '7.3.1' ],
16 silly audit   which: [ '2.0.2' ],
16 silly audit   'which-boxed-primitive': [ '1.1.1' ],
16 silly audit   'which-builtin-type': [ '1.2.1' ],
16 silly audit   'which-collection': [ '1.0.2' ],
16 silly audit   'which-typed-array': [ '1.1.20' ],
16 silly audit   'word-wrap': [ '1.2.5' ],
16 silly audit   yallist: [ '3.1.1' ],
16 silly audit   'yocto-queue': [ '0.1.0' ]
16 silly audit }
17 http fetch POST 200 https://registry.npmjs.org/-/npm/v1/security/advisories/bulk 660ms
18 silly audit report {
18 silly audit report   dompurify: [
18 silly audit report     {
18 silly audit report       id: 1114017,
18 silly audit report       url: 'https://github.com/advisories/GHSA-v2wj-7wpq-c8vv',
18 silly audit report       title: 'DOMPurify contains a Cross-site Scripting vulnerability',
18 silly audit report       severity: 'moderate',
18 silly audit report       vulnerable_versions: '>=3.1.3 <=3.3.1',
18 silly audit report       cwe: [Array],
18 silly audit report       cvss: [Object]
18 silly audit report     }
18 silly audit report   ],
18 silly audit report   flatted: [
18 silly audit report     {
18 silly audit report       id: 1114526,
18 silly audit report       url: 'https://github.com/advisories/GHSA-25h7-pfq9-p65f',
18 silly audit report       title: 'flatted vulnerable to unbounded recursion DoS in parse() revive phase',
18 silly audit report       severity: 'high',
18 silly audit report       vulnerable_versions: '<3.4.0',
18 silly audit report       cwe: [Array],
18 silly audit report       cvss: [Object]
18 silly audit report     }
18 silly audit report   ]
18 silly audit report }
19 silly packumentCache corgi:https://registry.npmjs.org/dompurify cache-miss
20 silly packumentCache corgi:https://registry.npmjs.org/flatted cache-miss
21 http cache https://registry.npmjs.org/dompurify 5ms (cache hit)
22 silly packumentCache corgi:https://registry.npmjs.org/dompurify set size:237933 disposed:false
23 http cache https://registry.npmjs.org/flatted 5ms (cache hit)
24 silly packumentCache corgi:https://registry.npmjs.org/flatted set size:57858 disposed:false
25 silly packumentCache corgi:https://registry.npmjs.org/monaco-editor cache-miss
26 http cache https://registry.npmjs.org/monaco-editor 3ms (cache hit)
27 silly packumentCache corgi:https://registry.npmjs.org/monaco-editor set size:1745865 disposed:false
28 silly packumentCache corgi:https://registry.npmjs.org/flat-cache cache-miss
29 http cache https://registry.npmjs.org/flat-cache 2ms (cache hit)
30 silly packumentCache corgi:https://registry.npmjs.org/flat-cache set size:49632 disposed:false
31 silly packumentCache corgi:https://registry.npmjs.org/@monaco-editor%2freact cache-miss
32 http cache https://registry.npmjs.org/@monaco-editor%2freact 2ms (cache hit)
33 silly packumentCache corgi:https://registry.npmjs.org/@monaco-editor%2freact set size:230151 disposed:false
34 verbose cwd /Users/x/x/ai/workspaces/trino-docs/core/trino-web-ui/src/main/resources/webapp-preview
35 verbose os Darwin 25.4.0
36 verbose node v24.12.0
37 verbose npm  v11.7.0
38 verbose exit 0
39 info ok
