0 verbose cli /Users/x/x/ai/workspaces/trino-docs/.node/node/node /Users/x/x/ai/workspaces/trino-docs/.node/node/node_modules/npm/bin/npm-cli.js
1 info using npm@11.7.0
2 info using node@v24.12.0
3 silly config load:file:/Users/x/x/ai/workspaces/trino-docs/.node/node/node_modules/npm/npmrc
4 silly config load:file:/Users/x/x/ai/workspaces/trino-docs/core/trino-web-ui/src/main/resources/webapp/src/.npmrc
5 silly config load:file:/Users/x/.npmrc
6 silly config load:file:/Users/x/x/ai/workspaces/trino-docs/.node/etc/npmrc
7 verbose title npm install
8 verbose argv "install"
9 verbose logfile logs-max:10 dir:/Users/x/x/ai/workspaces/trino-docs/.npm-cache/_logs/2026-03-18T23_59_56_096Z-
10 verbose logfile /Users/x/x/ai/workspaces/trino-docs/.npm-cache/_logs/2026-03-18T23_59_56_096Z-debug-0.log
11 silly logfile done cleaning log files
12 silly packumentCache heap:4496293888 maxSize:1124073472 maxEntrySize:562036736
13 silly idealTree buildDeps
14 silly reify moves {}
15 silly audit bulk request {
15 silly audit   '@ampproject/remapping': [ '2.3.0' ],
15 silly audit   '@babel/code-frame': [ '7.24.7' ],
15 silly audit   '@babel/compat-data': [ '7.24.9' ],
15 silly audit   '@babel/core': [ '7.24.9' ],
15 silly audit   '@babel/generator': [ '7.24.10' ],
15 silly audit   '@babel/helper-annotate-as-pure': [ '7.24.7' ],
15 silly audit   '@babel/helper-builder-binary-assignment-operator-visitor': [ '7.24.7' ],
15 silly audit   '@babel/helper-compilation-targets': [ '7.24.8' ],
15 silly audit   '@babel/helper-create-class-features-plugin': [ '7.24.8' ],
15 silly audit   '@babel/helper-create-regexp-features-plugin': [ '7.24.7' ],
15 silly audit   jsesc: [ '0.5.0', '2.5.2' ],
15 silly audit   'regexpu-core': [ '5.3.2' ],
15 silly audit   regjsparser: [ '0.9.1' ],
15 silly audit   '@babel/helper-define-polyfill-provider': [ '0.6.2' ],
15 silly audit   '@babel/helper-environment-visitor': [ '7.24.7' ],
15 silly audit   '@babel/helper-function-name': [ '7.24.7' ],
15 silly audit   '@babel/helper-hoist-variables': [ '7.24.7' ],
15 silly audit   '@babel/helper-member-expression-to-functions': [ '7.24.8' ],
15 silly audit   '@babel/helper-module-imports': [ '7.24.7' ],
15 silly audit   '@babel/helper-module-transforms': [ '7.24.9' ],
15 silly audit   '@babel/helper-optimise-call-expression': [ '7.24.7' ],
15 silly audit   '@babel/helper-plugin-utils': [ '7.24.8' ],
15 silly audit   '@babel/helper-remap-async-to-generator': [ '7.24.7' ],
15 silly audit   '@babel/helper-replace-supers': [ '7.24.7' ],
15 silly audit   '@babel/helper-simple-access': [ '7.24.7' ],
15 silly audit   '@babel/helper-skip-transparent-expression-wrappers': [ '7.24.7' ],
15 silly audit   '@babel/helper-split-export-declaration': [ '7.24.7' ],
15 silly audit   '@babel/helper-string-parser': [ '7.24.8' ],
15 silly audit   '@babel/helper-validator-identifier': [ '7.24.7' ],
15 silly audit   '@babel/helper-validator-option': [ '7.24.8' ],
15 silly audit   '@babel/helper-wrap-function': [ '7.24.7' ],
15 silly audit   '@babel/helpers': [ '7.24.8' ],
15 silly audit   '@babel/highlight': [ '7.24.7' ],
15 silly audit   '@babel/parser': [ '7.24.8' ],
15 silly audit   '@babel/plugin-bugfix-firefox-class-in-computed-class-key': [ '7.24.7' ],
15 silly audit   '@babel/plugin-bugfix-safari-id-destructuring-collision-in-function-expression': [ '7.24.7' ],
15 silly audit   '@babel/plugin-bugfix-v8-spread-parameters-in-optional-chaining': [ '7.24.7' ],
15 silly audit   '@babel/plugin-bugfix-v8-static-class-fields-redefine-readonly': [ '7.24.7' ],
15 silly audit   '@babel/plugin-proposal-private-property-in-object': [ '7.21.0-placeholder-for-preset-env.2' ],
15 silly audit   '@babel/plugin-syntax-async-generators': [ '7.8.4' ],
15 silly audit   '@babel/plugin-syntax-class-properties': [ '7.12.13' ],
15 silly audit   '@babel/plugin-syntax-class-static-block': [ '7.14.5' ],
15 silly audit   '@babel/plugin-syntax-dynamic-import': [ '7.8.3' ],
15 silly audit   '@babel/plugin-syntax-export-namespace-from': [ '7.8.3' ],
15 silly audit   '@babel/plugin-syntax-flow': [ '7.24.7' ],
15 silly audit   '@babel/plugin-syntax-import-assertions': [ '7.24.7' ],
15 silly audit   '@babel/plugin-syntax-import-attributes': [ '7.24.7' ],
15 silly audit   '@babel/plugin-syntax-import-meta': [ '7.10.4' ],
15 silly audit   '@babel/plugin-syntax-json-strings': [ '7.8.3' ],
15 silly audit   '@babel/plugin-syntax-jsx': [ '7.24.7' ],
15 silly audit   '@babel/plugin-syntax-logical-assignment-operators': [ '7.10.4' ],
15 silly audit   '@babel/plugin-syntax-nullish-coalescing-operator': [ '7.8.3' ],
15 silly audit   '@babel/plugin-syntax-numeric-separator': [ '7.10.4' ],
15 silly audit   '@babel/plugin-syntax-object-rest-spread': [ '7.8.3' ],
15 silly audit   '@babel/plugin-syntax-optional-catch-binding': [ '7.8.3' ],
15 silly audit   '@babel/plugin-syntax-optional-chaining': [ '7.8.3' ],
15 silly audit   '@babel/plugin-syntax-private-property-in-object': [ '7.14.5' ],
15 silly audit   '@babel/plugin-syntax-top-level-await': [ '7.14.5' ],
15 silly audit   '@babel/plugin-syntax-unicode-sets-regex': [ '7.18.6' ],
15 silly audit   '@babel/plugin-transform-arrow-functions': [ '7.24.7' ],
15 silly audit   '@babel/plugin-transform-async-generator-functions': [ '7.24.7' ],
15 silly audit   '@babel/plugin-transform-async-to-generator': [ '7.24.7' ],
15 silly audit   '@babel/plugin-transform-block-scoped-functions': [ '7.24.7' ],
15 silly audit   '@babel/plugin-transform-block-scoping': [ '7.24.7' ],
15 silly audit   '@babel/plugin-transform-class-properties': [ '7.24.7' ],
15 silly audit   '@babel/plugin-transform-class-static-block': [ '7.24.7' ],
15 silly audit   '@babel/plugin-transform-classes': [ '7.24.8' ],
15 silly audit   '@babel/plugin-transform-computed-properties': [ '7.24.7' ],
15 silly audit   '@babel/plugin-transform-destructuring': [ '7.24.8' ],
15 silly audit   '@babel/plugin-transform-dotall-regex': [ '7.24.7' ],
15 silly audit   '@babel/plugin-transform-duplicate-keys': [ '7.24.7' ],
15 silly audit   '@babel/plugin-transform-dynamic-import': [ '7.24.7' ],
15 silly audit   '@babel/plugin-transform-exponentiation-operator': [ '7.24.7' ],
15 silly audit   '@babel/plugin-transform-export-namespace-from': [ '7.24.7' ],
15 silly audit   '@babel/plugin-transform-flow-strip-types': [ '7.24.7' ],
15 silly audit   '@babel/plugin-transform-for-of': [ '7.24.7' ],
15 silly audit   '@babel/plugin-transform-function-name': [ '7.24.7' ],
15 silly audit   '@babel/plugin-transform-json-strings': [ '7.24.7' ],
15 silly audit   '@babel/plugin-transform-literals': [ '7.24.7' ],
15 silly audit   '@babel/plugin-transform-logical-assignment-operators': [ '7.24.7' ],
15 silly audit   '@babel/plugin-transform-member-expression-literals': [ '7.24.7' ],
15 silly audit   '@babel/plugin-transform-modules-amd': [ '7.24.7' ],
15 silly audit   '@babel/plugin-transform-modules-commonjs': [ '7.24.8' ],
15 silly audit   '@babel/plugin-transform-modules-systemjs': [ '7.24.7' ],
15 silly audit   '@babel/plugin-transform-modules-umd': [ '7.24.7' ],
15 silly audit   '@babel/plugin-transform-named-capturing-groups-regex': [ '7.24.7' ],
15 silly audit   '@babel/plugin-transform-new-target': [ '7.24.7' ],
15 silly audit   '@babel/plugin-transform-nullish-coalescing-operator': [ '7.24.7' ],
15 silly audit   '@babel/plugin-transform-numeric-separator': [ '7.24.7' ],
15 silly audit   '@babel/plugin-transform-object-rest-spread': [ '7.24.7' ],
15 silly audit   '@babel/plugin-transform-object-super': [ '7.24.7' ],
15 silly audit   '@babel/plugin-transform-optional-catch-binding': [ '7.24.7' ],
15 silly audit   '@babel/plugin-transform-optional-chaining': [ '7.24.8' ],
15 silly audit   '@babel/plugin-transform-parameters': [ '7.24.7' ],
15 silly audit   '@babel/plugin-transform-private-methods': [ '7.24.7' ],
15 silly audit   '@babel/plugin-transform-private-property-in-object': [ '7.24.7' ],
15 silly audit   '@babel/plugin-transform-property-literals': [ '7.24.7' ],
15 silly audit   '@babel/plugin-transform-react-display-name': [ '7.24.7' ],
15 silly audit   '@babel/plugin-transform-react-jsx': [ '7.24.7' ],
15 silly audit   '@babel/plugin-transform-react-jsx-development': [ '7.24.7' ],
15 silly audit   '@babel/plugin-transform-react-pure-annotations': [ '7.24.7' ],
15 silly audit   '@babel/plugin-transform-regenerator': [ '7.24.7' ],
15 silly audit   'regenerator-transform': [ '0.15.2' ],
15 silly audit   '@babel/plugin-transform-reserved-words': [ '7.24.7' ],
15 silly audit   '@babel/plugin-transform-shorthand-properties': [ '7.24.7' ],
15 silly audit   '@babel/plugin-transform-spread': [ '7.24.7' ],
15 silly audit   '@babel/plugin-transform-sticky-regex': [ '7.24.7' ],
15 silly audit   '@babel/plugin-transform-template-literals': [ '7.24.7' ],
15 silly audit   '@babel/plugin-transform-typeof-symbol': [ '7.24.8' ],
15 silly audit   '@babel/plugin-transform-unicode-escapes': [ '7.24.7' ],
15 silly audit   '@babel/plugin-transform-unicode-property-regex': [ '7.24.7' ],
15 silly audit   '@babel/plugin-transform-unicode-regex': [ '7.24.7' ],
15 silly audit   '@babel/plugin-transform-unicode-sets-regex': [ '7.24.7' ],
15 silly audit   '@babel/preset-env': [ '7.24.8' ],
15 silly audit   '@babel/preset-flow': [ '7.24.7' ],
15 silly audit   '@babel/preset-modules': [ '0.1.6-no-external-plugins' ],
15 silly audit   '@babel/preset-react': [ '7.24.7' ],
15 silly audit   '@babel/regjsgen': [ '0.8.0' ],
15 silly audit   '@babel/runtime': [ '7.24.8' ],
15 silly audit   'regenerator-runtime': [ '0.14.1' ],
15 silly audit   '@babel/template': [ '7.24.7' ],
15 silly audit   '@babel/traverse': [ '7.24.8' ],
15 silly audit   '@babel/types': [ '7.24.9' ],
15 silly audit   '@discoveryjs/json-ext': [ '0.5.7' ],
15 silly audit   '@jridgewell/gen-mapping': [ '0.3.5' ],
15 silly audit   '@jridgewell/resolve-uri': [ '3.1.2' ],
15 silly audit   '@jridgewell/set-array': [ '1.2.1' ],
15 silly audit   '@jridgewell/source-map': [ '0.3.6' ],
15 silly audit   '@jridgewell/sourcemap-codec': [ '1.4.14' ],
15 silly audit   '@jridgewell/trace-mapping': [ '0.3.25' ],
15 silly audit   '@types/eslint': [ '8.21.1' ],
15 silly audit   '@types/eslint-scope': [ '3.7.4' ],
15 silly audit   '@types/estree': [ '1.0.5' ],
15 silly audit   '@types/json-schema': [ '7.0.15' ],
15 silly audit   '@types/node': [ '18.14.0' ],
15 silly audit   '@webassemblyjs/ast': [ '1.12.1' ],
15 silly audit   '@webassemblyjs/floating-point-hex-parser': [ '1.11.6' ],
15 silly audit   '@webassemblyjs/helper-api-error': [ '1.11.6' ],
15 silly audit   '@webassemblyjs/helper-buffer': [ '1.12.1' ],
15 silly audit   '@webassemblyjs/helper-numbers': [ '1.11.6' ],
15 silly audit   '@webassemblyjs/helper-wasm-bytecode': [ '1.11.6' ],
15 silly audit   '@webassemblyjs/helper-wasm-section': [ '1.12.1' ],
15 silly audit   '@webassemblyjs/ieee754': [ '1.11.6' ],
15 silly audit   '@webassemblyjs/leb128': [ '1.11.6' ],
15 silly audit   '@webassemblyjs/utf8': [ '1.11.6' ],
15 silly audit   '@webassemblyjs/wasm-edit': [ '1.12.1' ],
15 silly audit   '@webassemblyjs/wasm-gen': [ '1.12.1' ],
15 silly audit   '@webassemblyjs/wasm-opt': [ '1.12.1' ],
15 silly audit   '@webassemblyjs/wasm-parser': [ '1.12.1' ],
15 silly audit   '@webassemblyjs/wast-printer': [ '1.12.1' ],
15 silly audit   '@webpack-cli/configtest': [ '2.1.1' ],
15 silly audit   '@webpack-cli/info': [ '2.0.2' ],
15 silly audit   '@webpack-cli/serve': [ '2.0.5' ],
15 silly audit   '@xtuc/ieee754': [ '1.2.0' ],
15 silly audit   '@xtuc/long': [ '4.2.2' ],
15 silly audit   acorn: [ '8.8.2' ],
15 silly audit   'acorn-import-attributes': [ '1.9.5' ],
15 silly audit   ajv: [ '8.17.1', '6.12.6' ],
15 silly audit   'ajv-formats': [ '2.1.1' ],
15 silly audit   'ajv-keywords': [ '5.1.0', '3.5.2' ],
15 silly audit   'ansi-styles': [ '3.2.1' ],
15 silly audit   'babel-loader': [ '9.1.3' ],
15 silly audit   'babel-plugin-polyfill-corejs2': [ '0.4.11' ],
15 silly audit   'babel-plugin-polyfill-corejs3': [ '0.10.4' ],
15 silly audit   'babel-plugin-polyfill-regenerator': [ '0.6.2' ],
15 silly audit   browserslist: [ '4.23.2' ],
15 silly audit   'buffer-from': [ '1.1.0' ],
15 silly audit   'caniuse-lite': [ '1.0.30001643' ],
15 silly audit   chalk: [ '2.4.2' ],
15 silly audit   'chrome-trace-event': [ '1.0.3' ],
15 silly audit   'clone-deep': [ '4.0.1' ],
15 silly audit   'color-convert': [ '1.9.3' ],
15 silly audit   'color-name': [ '1.1.3' ],
15 silly audit   colorette: [ '2.0.20' ],
15 silly audit   commander: [ '2.19.0', '2.20.3', '10.0.1' ],
15 silly audit   'common-path-prefix': [ '3.0.0' ],
15 silly audit   'convert-source-map': [ '2.0.0' ],
15 silly audit   'core-js-compat': [ '3.37.1' ],
15 silly audit   'cross-spawn': [ '7.0.3' ],
15 silly audit   d3: [ '5.7.0', '4.13.0' ],
15 silly audit   'd3-array': [ '1.2.4', '1.2.1' ],
15 silly audit   'd3-axis': [ '1.0.12', '1.0.8' ],
15 silly audit   'd3-brush': [ '1.0.6', '1.0.4' ],
15 silly audit   'd3-chord': [ '1.0.6', '1.0.4' ],
15 silly audit   'd3-collection': [ '1.0.7', '1.0.4' ],
15 silly audit   'd3-color': [ '1.2.3', '1.0.3' ],
15 silly audit   'd3-contour': [ '1.3.2' ],
15 silly audit   'd3-dispatch': [ '1.0.5', '1.0.3' ],
15 silly audit   'd3-drag': [ '1.2.3', '1.2.1' ],
15 silly audit   'd3-dsv': [ '1.0.10', '1.0.8' ],
15 silly audit   'd3-ease': [ '1.0.5', '1.0.3' ],
15 silly audit   'd3-fetch': [ '1.1.2' ],
15 silly audit   'd3-force': [ '1.1.2', '1.1.0' ],
15 silly audit   'd3-format': [ '1.3.2', '1.2.2' ],
15 silly audit   'd3-geo': [ '1.11.1', '1.9.1' ],
15 silly audit   'd3-hierarchy': [ '1.1.8', '1.1.5' ],
15 silly audit   'd3-interpolate': [ '1.3.2', '1.1.6' ],
15 silly audit   'd3-path': [ '1.0.7', '1.0.5' ],
15 silly audit   'd3-polygon': [ '1.0.5', '1.0.3' ],
15 silly audit   'd3-quadtree': [ '1.0.5', '1.0.3' ],
15 silly audit   'd3-queue': [ '3.0.7' ],
15 silly audit   'd3-random': [ '1.1.2', '1.1.0' ],
15 silly audit   'd3-request': [ '1.0.6' ],
15 silly audit   'd3-scale': [ '2.1.2', '1.0.7' ],
15 silly audit   'd3-scale-chromatic': [ '1.3.3' ],
15 silly audit   'd3-selection': [ '1.3.2', '1.3.0' ],
15 silly audit   'd3-shape': [ '1.2.2', '1.2.0' ],
15 silly audit   'd3-time': [ '1.0.10', '1.0.8' ],
15 silly audit   'd3-time-format': [ '2.1.3', '2.1.1' ],
15 silly audit   'd3-timer': [ '1.0.9', '1.0.7' ],
15 silly audit   'd3-transition': [ '1.1.3', '1.1.1' ],
15 silly audit   'd3-voronoi': [ '1.1.4', '1.1.2' ],
15 silly audit   'd3-zoom': [ '1.7.3', '1.7.1' ],
15 silly audit   dagre: [ '0.8.2' ],
15 silly audit   'dagre-d3': [ '0.6.1' ],
15 silly audit   debug: [ '4.3.5' ],
15 silly audit   'electron-to-chromium': [ '1.5.0' ],
15 silly audit   'enhanced-resolve': [ '5.17.1' ],
15 silly audit   envinfo: [ '7.11.0' ],
15 silly audit   'es-module-lexer': [ '1.5.4' ],
15 silly audit   escalade: [ '3.1.2' ],
15 silly audit   'escape-string-regexp': [ '1.0.5' ],
15 silly audit   'eslint-scope': [ '5.1.1' ],
15 silly audit   esrecurse: [ '4.3.0' ],
15 silly audit   estraverse: [ '5.3.0', '4.2.0' ],
15 silly audit   esutils: [ '2.0.2' ],
15 silly audit   events: [ '3.3.0' ],
15 silly audit   'fast-deep-equal': [ '3.1.3' ],
15 silly audit   'fast-json-stable-stringify': [ '2.0.0' ],
15 silly audit   'fast-uri': [ '3.0.1' ],
15 silly audit   'fastest-levenshtein': [ '1.0.16' ],
15 silly audit   'find-cache-dir': [ '4.0.0' ],
15 silly audit   'find-up': [ '6.3.0', '4.1.0' ],
15 silly audit   flat: [ '5.0.2' ],
15 silly audit   'flow-bin': [ '0.241.0' ],
15 silly audit   'function-bind': [ '1.1.2' ],
15 silly audit   gensync: [ '1.0.0-beta.2' ],
15 silly audit   'glob-to-regexp': [ '0.4.1' ],
15 silly audit   globals: [ '11.12.0' ],
15 silly audit   'graceful-fs': [ '4.2.11' ],
15 silly audit   graphlib: [ '2.1.5' ],
15 silly audit   'has-flag': [ '3.0.0', '4.0.0' ],
15 silly audit   hasown: [ '2.0.0' ],
15 silly audit   'highlight.js': [ '11.10.0' ],
15 silly audit   'iconv-lite': [ '0.4.24' ],
15 silly audit   'import-local': [ '3.1.0' ],
15 silly audit   'locate-path': [ '5.0.0', '7.2.0' ],
15 silly audit   'p-limit': [ '2.3.0', '4.0.0' ],
15 silly audit   'p-locate': [ '4.1.0', '6.0.0' ],
15 silly audit   'path-exists': [ '4.0.0', '5.0.0' ],
15 silly audit   'pkg-dir': [ '4.2.0', '7.0.0' ],
15 silly audit   interpret: [ '3.1.1' ],
15 silly audit   'is-core-module': [ '2.13.1' ],
15 silly audit   'is-plain-object': [ '2.0.4' ],
15 silly audit   isexe: [ '2.0.0' ],
15 silly audit   isobject: [ '3.0.1' ],
15 silly audit   'jest-worker': [ '27.5.1' ],
15 silly audit   'supports-color': [ '8.1.1', '5.5.0' ],
15 silly audit   'js-tokens': [ '4.0.0' ],
15 silly audit   'json-parse-even-better-errors': [ '2.3.1' ],
15 silly audit   'json-schema-traverse': [ '1.0.0', '0.4.1' ],
15 silly audit   json5: [ '2.2.3' ],
15 silly audit   'kind-of': [ '6.0.3' ],
15 silly audit   'loader-runner': [ '4.3.0' ],
15 silly audit   lodash: [ '4.17.14' ],
15 silly audit   'lodash.debounce': [ '4.0.8' ],
15 silly audit   'loose-envify': [ '1.4.0' ],
15 silly audit   'lru-cache': [ '5.1.1' ],
15 silly audit   'merge-stream': [ '2.0.0' ],
15 silly audit   'mime-db': [ '1.52.0' ],
15 silly audit   'mime-types': [ '2.1.35' ],
15 silly audit   ms: [ '2.1.2' ],
15 silly audit   'neo-async': [ '2.6.2' ],
15 silly audit   'node-releases': [ '2.0.18' ],
15 silly audit   'object-assign': [ '4.1.1' ],
15 silly audit   'p-try': [ '2.2.0' ],
15 silly audit   'path-key': [ '3.1.1' ],
15 silly audit   'path-parse': [ '1.0.7' ],
15 silly audit   picocolors: [ '1.0.1' ],
15 silly audit   prettier: [ '3.3.3' ],
15 silly audit   'prop-types': [ '15.6.2' ],
15 silly audit   punycode: [ '2.1.1' ],
15 silly audit   randombytes: [ '2.1.0' ],
15 silly audit   react: [ '16.14.0' ],
15 silly audit   'react-dom': [ '16.14.0' ],
15 silly audit   reactable: [ '1.0.2' ],
15 silly audit   rechoir: [ '0.8.0' ],
15 silly audit   regenerate: [ '1.4.2' ],
15 silly audit   'regenerate-unicode-properties': [ '10.1.1' ],
15 silly audit   'require-from-string': [ '2.0.2' ],
15 silly audit   resolve: [ '1.22.8' ],
15 silly audit   'resolve-cwd': [ '3.0.0' ],
15 silly audit   'resolve-from': [ '5.0.0' ],
15 silly audit   rw: [ '1.3.3' ],
15 silly audit   'safe-buffer': [ '5.1.2' ],
15 silly audit   'safer-buffer': [ '2.1.2' ],
15 silly audit   scheduler: [ '0.19.1' ],
15 silly audit   'schema-utils': [ '4.2.0', '3.1.1', '3.3.0' ],
15 silly audit   semver: [ '6.3.1' ],
15 silly audit   'serialize-javascript': [ '6.0.2' ],
15 silly audit   'shallow-clone': [ '3.0.1' ],
15 silly audit   'shebang-command': [ '2.0.0' ],
15 silly audit   'shebang-regex': [ '3.0.0' ],
15 silly audit   'supports-preserve-symlinks-flag': [ '1.0.0' ],
15 silly audit   tapable: [ '2.2.1' ],
15 silly audit   terser: [ '5.31.3' ],
15 silly audit   'terser-webpack-plugin': [ '5.3.10' ],
15 silly audit   'source-map': [ '0.6.1' ],
15 silly audit   'source-map-support': [ '0.5.21' ],
15 silly audit   'to-fast-properties': [ '2.0.0' ],
15 silly audit   'unicode-canonical-property-names-ecmascript': [ '2.0.0' ],
15 silly audit   'unicode-match-property-ecmascript': [ '2.0.0' ],
15 silly audit   'unicode-match-property-value-ecmascript': [ '2.1.0' ],
15 silly audit   'unicode-property-aliases-ecmascript': [ '2.1.0' ],
15 silly audit   'update-browserslist-db': [ '1.1.0' ],
15 silly audit   'uri-js': [ '4.4.1' ],
15 silly audit   watchpack: [ '2.4.1' ],
15 silly audit   webpack: [ '5.93.0' ],
15 silly audit   'webpack-cli': [ '5.1.4' ],
15 silly audit   'webpack-merge': [ '5.10.0' ],
15 silly audit   'webpack-sources': [ '3.2.3' ],
15 silly audit   which: [ '2.0.2' ],
15 silly audit   wildcard: [ '2.0.1' ],
15 silly audit   xmlhttprequest: [ '1.8.0' ],
15 silly audit   yallist: [ '3.1.1' ],
15 silly audit   'yocto-queue': [ '1.1.1' ]
15 silly audit }
16 http fetch POST 200 https://registry.npmjs.org/-/npm/v1/security/advisories/bulk 369ms
17 silly audit report {
17 silly audit report   '@babel/helpers': [
17 silly audit report     {
17 silly audit report       id: 1104001,
17 silly audit report       url: 'https://github.com/advisories/GHSA-968p-4wvh-cqc8',
17 silly audit report       title: 'Babel has inefficient RegExp complexity in generated code with .replace when transpiling named capturing groups',
17 silly audit report       severity: 'moderate',
17 silly audit report       vulnerable_versions: '<7.26.10',
17 silly audit report       cwe: [Array],
17 silly audit report       cvss: [Object]
17 silly audit report     }
17 silly audit report   ],
17 silly audit report   '@babel/runtime': [
17 silly audit report     {
17 silly audit report       id: 1104000,
17 silly audit report       url: 'https://github.com/advisories/GHSA-968p-4wvh-cqc8',
17 silly audit report       title: 'Babel has inefficient RegExp complexity in generated code with .replace when transpiling named capturing groups',
17 silly audit report       severity: 'moderate',
17 silly audit report       vulnerable_versions: '<7.26.10',
17 silly audit report       cwe: [Array],
17 silly audit report       cvss: [Object]
17 silly audit report     }
17 silly audit report   ],
17 silly audit report   ajv: [
17 silly audit report     {
17 silly audit report       id: 1113714,
17 silly audit report       url: 'https://github.com/advisories/GHSA-2g4f-4pwh-qvx6',
17 silly audit report       title: 'ajv has ReDoS when using `$data` option',
17 silly audit report       severity: 'moderate',
17 silly audit report       vulnerable_versions: '<6.14.0',
17 silly audit report       cwe: [Array],
17 silly audit report       cvss: [Object]
17 silly audit report     },
17 silly audit report     {
17 silly audit report       id: 1113715,
17 silly audit report       url: 'https://github.com/advisories/GHSA-2g4f-4pwh-qvx6',
17 silly audit report       title: 'ajv has ReDoS when using `$data` option',
17 silly audit report       severity: 'moderate',
17 silly audit report       vulnerable_versions: '>=7.0.0-alpha.0 <8.18.0',
17 silly audit report       cwe: [Array],
17 silly audit report       cvss: [Object]
17 silly audit report     }
17 silly audit report   ],
17 silly audit report   'cross-spawn': [
17 silly audit report     {
17 silly audit report       id: 1104664,
17 silly audit report       url: 'https://github.com/advisories/GHSA-3xgq-45jj-v275',
17 silly audit report       title: 'Regular Expression Denial of Service (ReDoS) in cross-spawn',
17 silly audit report       severity: 'high',
17 silly audit report       vulnerable_versions: '>=7.0.0 <7.0.5',
17 silly audit report       cwe: [Array],
17 silly audit report       cvss: [Object]
17 silly audit report     }
17 silly audit report   ],
17 silly audit report   'd3-color': [
17 silly audit report     {
17 silly audit report       id: 1088594,
17 silly audit report       url: 'https://github.com/advisories/GHSA-36jr-mh4h-2g58',
17 silly audit report       title: 'd3-color vulnerable to ReDoS',
17 silly audit report       severity: 'high',
17 silly audit report       vulnerable_versions: '<3.1.0',
17 silly audit report       cwe: [Array],
17 silly audit report       cvss: [Object]
17 silly audit report     }
17 silly audit report   ],
17 silly audit report   lodash: [
17 silly audit report     {
17 silly audit report       id: 1106913,
17 silly audit report       url: 'https://github.com/advisories/GHSA-35jh-r3h4-6jhm',
17 silly audit report       title: 'Command Injection in lodash',
17 silly audit report       severity: 'high',
17 silly audit report       vulnerable_versions: '<4.17.21',
17 silly audit report       cwe: [Array],
17 silly audit report       cvss: [Object]
17 silly audit report     },
17 silly audit report     {
17 silly audit report       id: 1106920,
17 silly audit report       url: 'https://github.com/advisories/GHSA-p6mc-m468-83gw',
17 silly audit report       title: 'Prototype Pollution in lodash',
17 silly audit report       severity: 'high',
17 silly audit report       vulnerable_versions: '>=3.7.0 <4.17.19',
17 silly audit report       cwe: [Array],
17 silly audit report       cvss: [Object]
17 silly audit report     },
17 silly audit report     {
17 silly audit report       id: 1108258,
17 silly audit report       url: 'https://github.com/advisories/GHSA-29mw-wpgm-hmr9',
17 silly audit report       title: 'Regular Expression Denial of Service (ReDoS) in lodash',
17 silly audit report       severity: 'moderate',
17 silly audit report       vulnerable_versions: '>=4.0.0 <4.17.21',
17 silly audit report       cwe: [Array],
17 silly audit report       cvss: [Object]
17 silly audit report     },
17 silly audit report     {
17 silly audit report       id: 1112455,
17 silly audit report       url: 'https://github.com/advisories/GHSA-xxjr-mmjv-4gpg',
17 silly audit report       title: 'Lodash has Prototype Pollution Vulnerability in `_.unset` and `_.omit` functions',
17 silly audit report       severity: 'moderate',
17 silly audit report       vulnerable_versions: '>=4.0.0 <=4.17.22',
17 silly audit report       cwe: [Array],
17 silly audit report       cvss: [Object]
17 silly audit report     }
17 silly audit report   ],
17 silly audit report   'serialize-javascript': [
17 silly audit report     {
17 silly audit report       id: 1113686,
17 silly audit report       url: 'https://github.com/advisories/GHSA-5c6j-r48x-rmvq',
17 silly audit report       title: 'Serialize JavaScript is Vulnerable to RCE via RegExp.flags and Date.prototype.toISOString()',
17 silly audit report       severity: 'high',
17 silly audit report       vulnerable_versions: '<=7.0.2',
17 silly audit report       cwe: [Array],
17 silly audit report       cvss: [Object]
17 silly audit report     }
17 silly audit report   ],
17 silly audit report   webpack: [
17 silly audit report     {
17 silly audit report       id: 1113041,
17 silly audit report       url: 'https://github.com/advisories/GHSA-8fgc-7cc6-rx7x',
17 silly audit report       title: 'webpack buildHttp: allowedUris allow-list bypass via URL userinfo (@) leading to build-time SSRF behavior',
17 silly audit report       severity: 'low',
17 silly audit report       vulnerable_versions: '>=5.49.0 <=5.104.0',
17 silly audit report       cwe: [Array],
17 silly audit report       cvss: [Object]
17 silly audit report     },
17 silly audit report     {
17 silly audit report       id: 1113042,
17 silly audit report       url: 'https://github.com/advisories/GHSA-38r7-794h-5758',
17 silly audit report       title: 'webpack buildHttp HttpUriPlugin allowedUris bypass via HTTP redirects → SSRF + cache persistence',
17 silly audit report       severity: 'low',
17 silly audit report       vulnerable_versions: '>=5.49.0 <5.104.0',
17 silly audit report       cwe: [Array],
17 silly audit report       cvss: [Object]
17 silly audit report     },
17 silly audit report     {
17 silly audit report       id: 1099351,
17 silly audit report       url: 'https://github.com/advisories/GHSA-4vvj-4cpr-p986',
17 silly audit report       title: "Webpack's AutoPublicPathRuntimeModule has a DOM Clobbering Gadget that leads to XSS",
17 silly audit report       severity: 'moderate',
17 silly audit report       vulnerable_versions: '>=5.0.0-alpha.0 <5.94.0',
17 silly audit report       cwe: [Array],
17 silly audit report       cvss: [Object]
17 silly audit report     }
17 silly audit report   ]
17 silly audit report }
18 silly packumentCache corgi:https://registry.npmjs.org/@babel%2fhelpers cache-miss
19 silly packumentCache corgi:https://registry.npmjs.org/@babel%2fruntime cache-miss
20 silly packumentCache corgi:https://registry.npmjs.org/ajv cache-miss
21 silly packumentCache corgi:https://registry.npmjs.org/cross-spawn cache-miss
22 silly packumentCache corgi:https://registry.npmjs.org/d3-color cache-miss
23 silly packumentCache corgi:https://registry.npmjs.org/lodash cache-miss
24 silly packumentCache corgi:https://registry.npmjs.org/serialize-javascript cache-miss
25 silly packumentCache corgi:https://registry.npmjs.org/webpack cache-miss
26 http cache https://registry.npmjs.org/d3-color 10ms (cache hit)
27 silly packumentCache corgi:https://registry.npmjs.org/d3-color set size:43268 disposed:false
28 http cache https://registry.npmjs.org/@babel%2fruntime 12ms (cache hit)
29 silly packumentCache corgi:https://registry.npmjs.org/@babel%2fruntime set size:222229 disposed:false
30 http cache https://registry.npmjs.org/@babel%2fhelpers 13ms (cache hit)
31 silly packumentCache corgi:https://registry.npmjs.org/@babel%2fhelpers set size:207496 disposed:false
32 http cache https://registry.npmjs.org/ajv 15ms (cache hit)
33 silly packumentCache corgi:https://registry.npmjs.org/ajv set size:464537 disposed:false
34 http cache https://registry.npmjs.org/cross-spawn 17ms (cache hit)
35 silly packumentCache corgi:https://registry.npmjs.org/cross-spawn set size:44626 disposed:false
36 http cache https://registry.npmjs.org/lodash 17ms (cache hit)
37 silly packumentCache corgi:https://registry.npmjs.org/lodash set size:68481 disposed:false
38 http cache https://registry.npmjs.org/serialize-javascript 18ms (cache hit)
39 silly packumentCache corgi:https://registry.npmjs.org/serialize-javascript set size:35366 disposed:false
40 http cache https://registry.npmjs.org/webpack 20ms (cache hit)
41 silly packumentCache corgi:https://registry.npmjs.org/webpack set size:1999728 disposed:false
42 silly packumentCache corgi:https://registry.npmjs.org/@babel%2fcore cache-miss
43 http cache https://registry.npmjs.org/@babel%2fcore 3ms (cache hit)
44 silly packumentCache corgi:https://registry.npmjs.org/@babel%2fcore set size:410230 disposed:false
45 silly packumentCache corgi:https://registry.npmjs.org/regenerator-transform cache-miss
46 http cache https://registry.npmjs.org/regenerator-transform 2ms (cache hit)
47 silly packumentCache corgi:https://registry.npmjs.org/regenerator-transform set size:38635 disposed:false
48 silly packumentCache corgi:https://registry.npmjs.org/ajv-keywords cache-miss
49 silly packumentCache corgi:https://registry.npmjs.org/schema-utils cache-miss
50 http cache https://registry.npmjs.org/schema-utils 1ms (cache hit)
51 silly packumentCache corgi:https://registry.npmjs.org/schema-utils set size:76871 disposed:false
52 http cache https://registry.npmjs.org/ajv-keywords 3ms (cache hit)
53 silly packumentCache corgi:https://registry.npmjs.org/ajv-keywords set size:53509 disposed:false
54 silly packumentCache corgi:https://registry.npmjs.org/ajv-formats cache-miss
55 http cache https://registry.npmjs.org/ajv-formats 2ms (cache hit)
56 silly packumentCache corgi:https://registry.npmjs.org/ajv-formats set size:63554 disposed:false
57 silly packumentCache corgi:https://registry.npmjs.org/webpack-cli cache-miss
58 http cache https://registry.npmjs.org/webpack-cli 1ms (cache hit)
59 silly packumentCache corgi:https://registry.npmjs.org/webpack-cli set size:279395 disposed:false
60 silly packumentCache corgi:https://registry.npmjs.org/d3 cache-miss
61 silly packumentCache corgi:https://registry.npmjs.org/d3-interpolate cache-miss
62 silly packumentCache corgi:https://registry.npmjs.org/d3-scale-chromatic cache-miss
63 silly packumentCache corgi:https://registry.npmjs.org/d3-transition cache-miss
64 silly packumentCache corgi:https://registry.npmjs.org/d3-scale cache-miss
65 http cache https://registry.npmjs.org/d3-interpolate 2ms (cache hit)
66 silly packumentCache corgi:https://registry.npmjs.org/d3-interpolate set size:34444 disposed:false
67 http cache https://registry.npmjs.org/d3-scale-chromatic 3ms (cache hit)
68 silly packumentCache corgi:https://registry.npmjs.org/d3-scale-chromatic set size:21591 disposed:false
69 http cache https://registry.npmjs.org/d3-transition 3ms (cache hit)
70 silly packumentCache corgi:https://registry.npmjs.org/d3-transition set size:49960 disposed:false
71 http cache https://registry.npmjs.org/d3 3ms (cache hit)
72 silly packumentCache corgi:https://registry.npmjs.org/d3 set size:321895 disposed:false
73 http cache https://registry.npmjs.org/d3-scale 4ms (cache hit)
74 silly packumentCache corgi:https://registry.npmjs.org/d3-scale set size:61614 disposed:false
75 silly packumentCache corgi:https://registry.npmjs.org/dagre cache-miss
76 silly packumentCache corgi:https://registry.npmjs.org/dagre-d3 cache-miss
77 silly packumentCache corgi:https://registry.npmjs.org/graphlib cache-miss
78 http cache https://registry.npmjs.org/dagre 1ms (cache hit)
79 silly packumentCache corgi:https://registry.npmjs.org/dagre set size:39145 disposed:false
80 http cache https://registry.npmjs.org/dagre-d3 2ms (cache hit)
81 silly packumentCache corgi:https://registry.npmjs.org/dagre-d3 set size:59231 disposed:false
82 http cache https://registry.npmjs.org/graphlib 3ms (cache hit)
83 silly packumentCache corgi:https://registry.npmjs.org/graphlib set size:48348 disposed:false
84 silly packumentCache corgi:https://registry.npmjs.org/terser-webpack-plugin cache-miss
85 http cache https://registry.npmjs.org/terser-webpack-plugin 3ms (cache hit)
86 silly packumentCache corgi:https://registry.npmjs.org/terser-webpack-plugin set size:206963 disposed:false
87 silly packumentCache corgi:https://registry.npmjs.org/@webpack-cli%2fconfigtest cache-miss
88 silly packumentCache corgi:https://registry.npmjs.org/@webpack-cli%2finfo cache-miss
89 silly packumentCache corgi:https://registry.npmjs.org/@webpack-cli%2fserve cache-miss
90 silly packumentCache corgi:https://registry.npmjs.org/babel-loader cache-miss
91 http cache https://registry.npmjs.org/@webpack-cli%2finfo 4ms (cache hit)
92 silly packumentCache corgi:https://registry.npmjs.org/@webpack-cli%2finfo set size:49926 disposed:false
93 http cache https://registry.npmjs.org/@webpack-cli%2fconfigtest 4ms (cache hit)
94 silly packumentCache corgi:https://registry.npmjs.org/@webpack-cli%2fconfigtest set size:18021 disposed:false
95 http cache https://registry.npmjs.org/@webpack-cli%2fserve 5ms (cache hit)
96 silly packumentCache corgi:https://registry.npmjs.org/@webpack-cli%2fserve set size:58099 disposed:false
97 http cache https://registry.npmjs.org/babel-loader 5ms (cache hit)
98 silly packumentCache corgi:https://registry.npmjs.org/babel-loader set size:114589 disposed:false
99 silly packumentCache corgi:https://registry.npmjs.org/d3-brush cache-miss
100 silly packumentCache corgi:https://registry.npmjs.org/d3-zoom cache-miss
101 http cache https://registry.npmjs.org/d3-brush 3ms (cache hit)
102 silly packumentCache corgi:https://registry.npmjs.org/d3-brush set size:42403 disposed:false
103 http cache https://registry.npmjs.org/d3-zoom 3ms (cache hit)
104 silly packumentCache corgi:https://registry.npmjs.org/d3-zoom set size:33967 disposed:false
105 verbose cwd /Users/x/x/ai/workspaces/trino-docs/core/trino-web-ui/src/main/resources/webapp/src
106 verbose os Darwin 25.4.0
107 verbose node v24.12.0
108 verbose npm  v11.7.0
109 verbose exit 0
110 info ok
